<?xml version="1.0" encoding="UTF-8"?>
<!-- Generated by org.testng.reporters.JUnitXMLReporter -->
<testsuite hostname="Haier-PC" ignored="0" name="Surefire test" tests="9" failures="0" timestamp="2021-10-14T14:22:05 PKT" time="105.815" errors="0">
  <testcase name="goToSignInTest" time="0.225" classname="twelveTest.LandingPageTest"/>
  <testcase name="goToSignUpTest" time="0.288" classname="twelveTest.LandingPageTest"/>
  <testcase name="landingPageTitleTest" time="0.025" classname="twelveTest.LandingPageTest"/>
  <testcase name="logoTest" time="0.287" classname="twelveTest.LandingPageTest"/>
  <testcase name="LogoTest" time="0.178" classname="twelveTest.signUpPageTest"/>
  <testcase name="signUpPageTitleTest" time="0.092" classname="twelveTest.signUpPageTest"/>
  <testcase name="signUpTest_Invalid_1" time="2.317" classname="twelveTest.signUpPageTest"/>
  <testcase name="signUpTest_Invalid_2" time="3.207" classname="twelveTest.signUpPageTest"/>
  <testcase name="signUpTest_Invalid_3" time="2.597" classname="twelveTest.signUpPageTest"/>
</testsuite> <!-- Surefire test -->
