<?xml version="1.0" encoding="UTF-8"?>
<!-- Generated by org.testng.reporters.JUnitXMLReporter -->
<testsuite ignored="3" hostname="Haier-PC" failures="0" tests="1" name="Default test" time="24.268" errors="0" timestamp="2021-11-19T14:59:28 PKT">
  <testcase classname="twelveTest.LandingPageTest" name="landingPageTitleTest" time="0.02"/>
  <testcase classname="twelveTest.LandingPageTest" name="logoTest" time="0.0">
    <ignored/>
  </testcase> <!-- logoTest -->
  <testcase classname="twelveTest.LandingPageTest" name="goToSignUpTest" time="0.0">
    <ignored/>
  </testcase> <!-- goToSignUpTest -->
  <testcase classname="twelveTest.LandingPageTest" name="goToSignInTest" time="0.0">
    <ignored/>
  </testcase> <!-- goToSignInTest -->
</testsuite> <!-- Default test -->
