<?xml version="1.0" encoding="UTF-8"?>
<!-- Generated by org.testng.reporters.JUnitXMLReporter -->
<testsuite hostname="Haier-PC" ignored="0" name="Test" tests="9" failures="0" timestamp="2021-10-14T13:58:08 PKT" time="135.108" errors="0">
  <testcase name="goToSignInTest" time="0.835" classname="twelveTest.LandingPageTest"/>
  <testcase name="goToSignUpTest" time="1.097" classname="twelveTest.LandingPageTest"/>
  <testcase name="landingPageTitleTest" time="0.075" classname="twelveTest.LandingPageTest"/>
  <testcase name="logoTest" time="0.302" classname="twelveTest.LandingPageTest"/>
  <testcase name="LogoTest" time="0.219" classname="twelveTest.signUpPageTest"/>
  <testcase name="signUpPageTitleTest" time="0.127" classname="twelveTest.signUpPageTest"/>
  <testcase name="signUpTest_Invalid_1" time="7.173" classname="twelveTest.signUpPageTest"/>
  <testcase name="signUpTest_Invalid_2" time="4.226" classname="twelveTest.signUpPageTest"/>
  <testcase name="signUpTest_Invalid_3" time="2.158" classname="twelveTest.signUpPageTest"/>
</testsuite> <!-- Test -->
