<?xml version="1.0" encoding="UTF-8"?>
<testsuite xmlns:xsi="http://www.w3.org/2001/XMLSchema-instance" xsi:noNamespaceSchemaLocation="https://maven.apache.org/surefire/maven-surefire-plugin/xsd/surefire-test-report-3.0.xsd" version="3.0" name="TestSuite" time="51.02" tests="4" errors="0" skipped="0" failures="1">
  <properties>
[...]
</properties>
  <testcase name="signUpPageTitleTest" classname="twelveTest.signUpPageTest" time="0.098">
    <failure message="SignUp page title did not match expected [Condut] but found [Conduit]" type="java.lang.AssertionError"><![CDATA[java.lang.AssertionError: SignUp page title did not match expected [Condut] but found [Conduit]
	at twelveTest.signUpPageTest.signUpPageTitleTest(signUpPageTest.java:46)
]]></failure>
    <system-out><![CDATA[2021-12-02 13:18:45,935 main ERROR Unable to locate appender "STDOU" for logger config "root"
I am in onStart method Automation Test
[TestNG] RUNNING: Suite: "Automation Test" containing "4" Tests (config: C:\Users\addyf\eclipse-workspace\Conduit\testng.xml)
[TestNG] INVOKING CONFIGURATION: "Automation Test" - @BeforeMethod twelveTest.signUpPageTest.setUp()
Before navigating to: 'https://react-redux.realworld.io/'
Navigated to:'https://react-redux.realworld.io/'
Trying to find Element By : By.linkText: Sign up
Found Element By : By.linkText: Sign up
Trying to find Element By : By.linkText: Sign up
Found Element By : By.linkText: Sign up
Trying to click on: [[ChromeDriver: chrome on WINDOWS (c66833aebf89f894c64ff0d5608a67be)] -> link text: Sign up]
Clicked on: [[ChromeDriver: chrome on WINDOWS (c66833aebf89f894c64ff0d5608a67be)] -> link text: Sign up]
[TestNG] PASSED CONFIGURATION: "Automation Test" - @BeforeMethod twelveTest.signUpPageTest.setUp() finished in 16118 ms
I am in onTestStart method signUpPageTitleTest start
[TestNG] INVOKING: "Automation Test" - twelveTest.signUpPageTest.signUpPageTitleTest()
I am in onTestFailure method signUpPageTitleTest failed
]]></system-out>
    <system-err><![CDATA[SLF4J: Failed to load class "org.slf4j.impl.StaticLoggerBinder".
SLF4J: Defaulting to no-operation (NOP) logger implementation
SLF4J: See http://www.slf4j.org/codes.html#StaticLoggerBinder for further details.
Starting ChromeDriver 96.0.4664.45 (76e4c1bb2ab4671b8beba3444e61c0f17584b2fc-refs/branch-heads/4664@{#947}) on port 39683
Only local connections are allowed.
Please see https://chromedriver.chromium.org/security-considerations for suggestions on keeping ChromeDriver safe.
ChromeDriver was started successfully.
Dec 02, 2021 1:18:58 PM org.openqa.selenium.remote.ProtocolHandshake createSession
INFO: Detected dialect: W3C
]]></system-err>
  </testcase>
  <testcase name="signUpTest_Invalid_1" classname="twelveTest.signUpPageTest" time="2.404">
    <system-out><![CDATA[[TestNG] FAILED: "Automation Test" - twelveTest.signUpPageTest.signUpPageTitleTest() finished in 156 ms
[TestNG] java.lang.AssertionError: SignUp page title did not match expected [Condut] but found [Conduit]
[TestNG] 	at org.testng.Assert.fail(Assert.java:99)
[TestNG] 	at org.testng.Assert.failNotEquals(Assert.java:1037)
[TestNG] 	at org.testng.Assert.assertEqualsImpl(Assert.java:140)
[TestNG] 	at org.testng.Assert.assertEquals(Assert.java:122)
[TestNG] 	at org.testng.Assert.assertEquals(Assert.java:629)
[TestNG] 	at twelveTest.signUpPageTest.signUpPageTitleTest(signUpPageTest.java:46)
[TestNG] 	at java.base/jdk.internal.reflect.NativeMethodAccessorImpl.invoke0(Native Method)
[TestNG] 	at java.base/jdk.internal.reflect.NativeMethodAccessorImpl.invoke(NativeMethodAccessorImpl.java:78)
[TestNG] 	at java.base/jdk.internal.reflect.DelegatingMethodAccessorImpl.invoke(DelegatingMethodAccessorImpl.java:43)
[TestNG] 	at java.base/java.lang.reflect.Method.invoke(Method.java:567)
[TestNG] 	at org.testng.internal.MethodInvocationHelper.invokeMethod(MethodInvocationHelper.java:132)
[TestNG] 	at org.testng.internal.TestInvoker.invokeMethod(TestInvoker.java:599)
[TestNG] 	at org.testng.internal.TestInvoker.invokeTestMethod(TestInvoker.java:174)
[TestNG] 	at org.testng.internal.MethodRunner.runInSequence(MethodRunner.java:46)
[TestNG] 	at org.testng.internal.TestInvoker$MethodInvocationAgent.invoke(TestInvoker.java:822)
[TestNG] 	at org.testng.internal.TestInvoker.invokeTestMethods(TestInvoker.java:147)
[TestNG] 	at org.testng.internal.TestMethodWorker.invokeTestMethods(TestMethodWorker.java:146)
[TestNG] 	at org.testng.internal.TestMethodWorker.run(TestMethodWorker.java:128)
[TestNG] 	at java.base/java.util.ArrayList.forEach(ArrayList.java:1511)
[TestNG] 	at org.testng.TestRunner.privateRun(TestRunner.java:764)
[TestNG] 	at org.testng.TestRunner.run(TestRunner.java:585)
[TestNG] 	at org.testng.SuiteRunner.runTest(SuiteRunner.java:384)
[TestNG] 	at org.testng.SuiteRunner.runSequentially(SuiteRunner.java:378)
[TestNG] 	at org.testng.SuiteRunner.privateRun(SuiteRunner.java:337)
[TestNG] 	at org.testng.SuiteRunner.run(SuiteRunner.java:286)
[TestNG] 	at org.testng.SuiteRunnerWorker.runSuite(SuiteRunnerWorker.java:53)
[TestNG] 	at org.testng.SuiteRunnerWorker.run(SuiteRunnerWorker.java:96)
[TestNG] 	at org.testng.TestNG.runSuitesSequentially(TestNG.java:1218)
[TestNG] 	at org.testng.TestNG.runSuitesLocally(TestNG.java:1140)
[TestNG] 	at org.testng.TestNG.runSuites(TestNG.java:1069)
[TestNG] 	at org.testng.TestNG.run(TestNG.java:1037)
[TestNG] 	at org.apache.maven.surefire.testng.TestNGExecutor.run(TestNGExecutor.java:284)
[TestNG] 	at org.apache.maven.surefire.testng.TestNGXmlTestSuite.execute(TestNGXmlTestSuite.java:75)
[TestNG] 	at org.apache.maven.surefire.testng.TestNGProvider.invoke(TestNGProvider.java:119)
[TestNG] 	at org.apache.maven.surefire.booter.ForkedBooter.runSuitesInProcess(ForkedBooter.java:428)
[TestNG] 	at org.apache.maven.surefire.booter.ForkedBooter.execute(ForkedBooter.java:162)
[TestNG] 	at org.apache.maven.surefire.booter.ForkedBooter.run(ForkedBooter.java:562)
[TestNG] 	at org.apache.maven.surefire.booter.ForkedBooter.main(ForkedBooter.java:548)
[TestNG] INVOKING CONFIGURATION: "Automation Test" - @AfterMethod twelveTest.signUpPageTest.tearDown()
[TestNG] PASSED CONFIGURATION: "Automation Test" - @AfterMethod twelveTest.signUpPageTest.tearDown() finished in 638 ms
[TestNG] INVOKING CONFIGURATION: "Automation Test" - @BeforeMethod twelveTest.signUpPageTest.setUp()
Before navigating to: 'https://react-redux.realworld.io/'
Navigated to:'https://react-redux.realworld.io/'
Trying to find Element By : By.linkText: Sign up
Found Element By : By.linkText: Sign up
Trying to find Element By : By.linkText: Sign up
Found Element By : By.linkText: Sign up
Trying to click on: [[ChromeDriver: chrome on WINDOWS (0119f86c1a39d342026fa08d97785841)] -> link text: Sign up]
Clicked on: [[ChromeDriver: chrome on WINDOWS (0119f86c1a39d342026fa08d97785841)] -> link text: Sign up]
[TestNG] PASSED CONFIGURATION: "Automation Test" - @BeforeMethod twelveTest.signUpPageTest.setUp() finished in 7272 ms
I am in onTestStart method signUpTest_Invalid_1 start
[TestNG] INVOKING: "Automation Test" - twelveTest.signUpPageTest.signUpTest_Invalid_1()
Trying to find Element By : By.xpath: //input[@type='text']
Found Element By : By.xpath: //input[@type='text']
Trying to find Element By : By.xpath: //input[@type='email']
Found Element By : By.xpath: //input[@type='email']
Trying to find Element By : By.xpath: //input[@type='password']
Found Element By : By.xpath: //input[@type='password']
Trying to find Element By : By.xpath: //button[@type='submit']
Found Element By : By.xpath: //button[@type='submit']
Trying to click on: [[ChromeDriver: chrome on WINDOWS (0119f86c1a39d342026fa08d97785841)] -> xpath: //button[@type='submit']]
Clicked on: [[ChromeDriver: chrome on WINDOWS (0119f86c1a39d342026fa08d97785841)] -> xpath: //button[@type='submit']]
Trying to find Element By : By.className: error-messages
Found Element By : By.className: error-messages
Sign Up was not successful
I am in onTestSuccess method signUpTest_Invalid_1 succeed
]]></system-out>
    <system-err><![CDATA[Starting ChromeDriver 96.0.4664.45 (76e4c1bb2ab4671b8beba3444e61c0f17584b2fc-refs/branch-heads/4664@{#947}) on port 21037
Only local connections are allowed.
Please see https://chromedriver.chromium.org/security-considerations for suggestions on keeping ChromeDriver safe.
ChromeDriver was started successfully.
Dec 02, 2021 1:19:07 PM org.openqa.selenium.remote.ProtocolHandshake createSession
INFO: Detected dialect: W3C
]]></system-err>
  </testcase>
  <testcase name="signUpTest_Invalid_2" classname="twelveTest.signUpPageTest" time="1.992">
    <system-out><![CDATA[[TestNG] PASSED: "Automation Test" - twelveTest.signUpPageTest.signUpTest_Invalid_1() finished in 2494 ms
[TestNG]         invalid user name, invalid email test case
[TestNG] INVOKING CONFIGURATION: "Automation Test" - @AfterMethod twelveTest.signUpPageTest.tearDown()
[TestNG] PASSED CONFIGURATION: "Automation Test" - @AfterMethod twelveTest.signUpPageTest.tearDown() finished in 493 ms
[TestNG] INVOKING CONFIGURATION: "Automation Test" - @BeforeMethod twelveTest.signUpPageTest.setUp()
Before navigating to: 'https://react-redux.realworld.io/'
Navigated to:'https://react-redux.realworld.io/'
Trying to find Element By : By.linkText: Sign up
Found Element By : By.linkText: Sign up
Trying to find Element By : By.linkText: Sign up
Found Element By : By.linkText: Sign up
Trying to click on: [[ChromeDriver: chrome on WINDOWS (94653cbddf5a9d6b251f8eddb8972404)] -> link text: Sign up]
Clicked on: [[ChromeDriver: chrome on WINDOWS (94653cbddf5a9d6b251f8eddb8972404)] -> link text: Sign up]
[TestNG] PASSED CONFIGURATION: "Automation Test" - @BeforeMethod twelveTest.signUpPageTest.setUp() finished in 4503 ms
I am in onTestStart method signUpTest_Invalid_2 start
[TestNG] INVOKING: "Automation Test" - twelveTest.signUpPageTest.signUpTest_Invalid_2()
Trying to find Element By : By.xpath: //input[@type='text']
Found Element By : By.xpath: //input[@type='text']
Trying to find Element By : By.xpath: //input[@type='email']
Found Element By : By.xpath: //input[@type='email']
Trying to find Element By : By.xpath: //input[@type='password']
Found Element By : By.xpath: //input[@type='password']
Trying to find Element By : By.xpath: //button[@type='submit']
Found Element By : By.xpath: //button[@type='submit']
Trying to click on: [[ChromeDriver: chrome on WINDOWS (94653cbddf5a9d6b251f8eddb8972404)] -> xpath: //button[@type='submit']]
Clicked on: [[ChromeDriver: chrome on WINDOWS (94653cbddf5a9d6b251f8eddb8972404)] -> xpath: //button[@type='submit']]
Trying to find Element By : By.className: error-messages
Found Element By : By.className: error-messages
Sign Up was not successful
I am in onTestSuccess method signUpTest_Invalid_2 succeed
]]></system-out>
    <system-err><![CDATA[Starting ChromeDriver 96.0.4664.45 (76e4c1bb2ab4671b8beba3444e61c0f17584b2fc-refs/branch-heads/4664@{#947}) on port 20723
Only local connections are allowed.
Please see https://chromedriver.chromium.org/security-considerations for suggestions on keeping ChromeDriver safe.
ChromeDriver was started successfully.
Dec 02, 2021 1:19:16 PM org.openqa.selenium.remote.ProtocolHandshake createSession
INFO: Detected dialect: W3C
]]></system-err>
  </testcase>
  <testcase name="signUpTest_Invalid_3" classname="twelveTest.signUpPageTest" time="2.154">
    <system-out><![CDATA[[TestNG] PASSED: "Automation Test" - twelveTest.signUpPageTest.signUpTest_Invalid_2() finished in 2051 ms
[TestNG] INVOKING CONFIGURATION: "Automation Test" - @AfterMethod twelveTest.signUpPageTest.tearDown()
[TestNG] PASSED CONFIGURATION: "Automation Test" - @AfterMethod twelveTest.signUpPageTest.tearDown() finished in 524 ms
[TestNG] INVOKING CONFIGURATION: "Automation Test" - @BeforeMethod twelveTest.signUpPageTest.setUp()
Before navigating to: 'https://react-redux.realworld.io/'
Navigated to:'https://react-redux.realworld.io/'
Trying to find Element By : By.linkText: Sign up
Found Element By : By.linkText: Sign up
Trying to find Element By : By.linkText: Sign up
Found Element By : By.linkText: Sign up
Trying to click on: [[ChromeDriver: chrome on WINDOWS (0f7e37c7a0efde45aaf87f0e2270110f)] -> link text: Sign up]
Clicked on: [[ChromeDriver: chrome on WINDOWS (0f7e37c7a0efde45aaf87f0e2270110f)] -> link text: Sign up]
[TestNG] PASSED CONFIGURATION: "Automation Test" - @BeforeMethod twelveTest.signUpPageTest.setUp() finished in 4478 ms
I am in onTestStart method signUpTest_Invalid_3 start
[TestNG] INVOKING: "Automation Test" - twelveTest.signUpPageTest.signUpTest_Invalid_3()
Trying to find Element By : By.xpath: //input[@type='text']
Found Element By : By.xpath: //input[@type='text']
Trying to find Element By : By.xpath: //input[@type='email']
Found Element By : By.xpath: //input[@type='email']
Trying to find Element By : By.xpath: //input[@type='password']
Found Element By : By.xpath: //input[@type='password']
Trying to find Element By : By.xpath: //button[@type='submit']
Found Element By : By.xpath: //button[@type='submit']
Trying to click on: [[ChromeDriver: chrome on WINDOWS (0f7e37c7a0efde45aaf87f0e2270110f)] -> xpath: //button[@type='submit']]
Clicked on: [[ChromeDriver: chrome on WINDOWS (0f7e37c7a0efde45aaf87f0e2270110f)] -> xpath: //button[@type='submit']]
Trying to find Element By : By.className: error-messages
Found Element By : By.className: error-messages
Sign Up was not successful
I am in onTestSuccess method signUpTest_Invalid_3 succeed
]]></system-out>
    <system-err><![CDATA[Starting ChromeDriver 96.0.4664.45 (76e4c1bb2ab4671b8beba3444e61c0f17584b2fc-refs/branch-heads/4664@{#947}) on port 24260
Only local connections are allowed.
Please see https://chromedriver.chromium.org/security-considerations for suggestions on keeping ChromeDriver safe.
ChromeDriver was started successfully.
Dec 02, 2021 1:19:23 PM org.openqa.selenium.remote.ProtocolHandshake createSession
INFO: Detected dialect: W3C
]]></system-err>
  </testcase>
</testsuite>