-------------------------------------------------------------------------------
Test set: TestSuite
-------------------------------------------------------------------------------
Tests run: 4, Failures: 1, Errors: 0, Skipped: 0, Time elapsed: 58.828 s <<< FAILURE! - in TestSuite
twelveTest.signUpPageTest.signUpPageTitleTest  Time elapsed: 0.795 s  <<< FAILURE!
java.lang.AssertionError: SignUp page title did not match expected [Condut] but found [Conduit]
	at twelveTest.signUpPageTest.signUpPageTitleTest(signUpPageTest.java:46)

