<?xml version="1.0" encoding="UTF-8"?>
<testng-results skipped="0" failed="0" ignored="0" total="10" passed="10">
  <reporter-output>
  </reporter-output>
  <suite name="Conduit Test Suite" duration-ms="74486" started-at="2021-10-17T19:47:02 PKT" finished-at="2021-10-17T19:48:17 PKT">
    <groups>
    </groups>
    <test name="Automation Test" duration-ms="74486" started-at="2021-10-17T19:47:02 PKT" finished-at="2021-10-17T19:48:17 PKT">
      <class name="twelveTest.LandingPageTest">
        <test-method status="PASS" signature="setUp()[pri:0, instance:twelveTest.LandingPageTest@78e67e0a]" name="setUp" is-config="true" duration-ms="17404" started-at="2021-10-17T19:47:02 PKT" finished-at="2021-10-17T19:47:20 PKT">
          <reporter-output>
          </reporter-output>
        </test-method> <!-- setUp -->
        <test-method status="PASS" signature="goToSignInTest()[pri:0, instance:twelveTest.LandingPageTest@78e67e0a]" name="goToSignInTest" duration-ms="233" started-at="2021-10-17T19:47:20 PKT" finished-at="2021-10-17T19:47:20 PKT">
          <reporter-output>
          </reporter-output>
        </test-method> <!-- goToSignInTest -->
        <test-method status="PASS" signature="goToSignUpTest()[pri:0, instance:twelveTest.LandingPageTest@78e67e0a]" name="goToSignUpTest" duration-ms="163" started-at="2021-10-17T19:47:20 PKT" finished-at="2021-10-17T19:47:20 PKT">
          <reporter-output>
          </reporter-output>
        </test-method> <!-- goToSignUpTest -->
        <test-method status="PASS" signature="landingPageTitleTest()[pri:0, instance:twelveTest.LandingPageTest@78e67e0a]" name="landingPageTitleTest" duration-ms="10" started-at="2021-10-17T19:47:20 PKT" finished-at="2021-10-17T19:47:20 PKT">
          <reporter-output>
          </reporter-output>
        </test-method> <!-- landingPageTitleTest -->
        <test-method status="PASS" signature="logoTest()[pri:0, instance:twelveTest.LandingPageTest@78e67e0a]" name="logoTest" duration-ms="111" started-at="2021-10-17T19:47:20 PKT" finished-at="2021-10-17T19:47:20 PKT">
          <reporter-output>
          </reporter-output>
        </test-method> <!-- logoTest -->
        <test-method status="PASS" signature="afterMethod()[pri:0, instance:twelveTest.LandingPageTest@78e67e0a]" name="afterMethod" is-config="true" duration-ms="1" started-at="2021-10-17T19:48:17 PKT" finished-at="2021-10-17T19:48:17 PKT">
          <reporter-output>
          </reporter-output>
        </test-method> <!-- afterMethod -->
      </class> <!-- twelveTest.LandingPageTest -->
      <class name="twelveTest.SignInPageTest">
        <test-method status="PASS" signature="setUp()[pri:0, instance:twelveTest.SignInPageTest@2f943d71]" name="setUp" is-config="true" duration-ms="7906" started-at="2021-10-17T19:48:08 PKT" finished-at="2021-10-17T19:48:16 PKT">
          <reporter-output>
          </reporter-output>
        </test-method> <!-- setUp -->
        <test-method status="PASS" signature="signInTest()[pri:0, instance:twelveTest.SignInPageTest@2f943d71]" name="signInTest" duration-ms="448" started-at="2021-10-17T19:48:16 PKT" finished-at="2021-10-17T19:48:16 PKT">
          <reporter-output>
          </reporter-output>
        </test-method> <!-- signInTest -->
        <test-method status="PASS" signature="tearDown()[pri:0, instance:twelveTest.SignInPageTest@2f943d71]" name="tearDown" is-config="true" duration-ms="731" started-at="2021-10-17T19:48:16 PKT" finished-at="2021-10-17T19:48:17 PKT">
          <reporter-output>
          </reporter-output>
        </test-method> <!-- tearDown -->
      </class> <!-- twelveTest.SignInPageTest -->
      <class name="twelveTest.signUpPageTest">
        <test-method status="PASS" signature="setUp()[pri:0, instance:twelveTest.signUpPageTest@bd8db5a]" name="setUp" is-config="true" duration-ms="7499" started-at="2021-10-17T19:47:20 PKT" finished-at="2021-10-17T19:47:28 PKT">
          <reporter-output>
          </reporter-output>
        </test-method> <!-- setUp -->
        <test-method status="PASS" signature="LogoTest()[pri:0, instance:twelveTest.signUpPageTest@bd8db5a]" name="LogoTest" duration-ms="71" started-at="2021-10-17T19:47:28 PKT" finished-at="2021-10-17T19:47:28 PKT">
          <reporter-output>
          </reporter-output>
        </test-method> <!-- LogoTest -->
        <test-method status="PASS" signature="tearDown()[pri:0, instance:twelveTest.signUpPageTest@bd8db5a]" name="tearDown" is-config="true" duration-ms="985" started-at="2021-10-17T19:47:28 PKT" finished-at="2021-10-17T19:47:29 PKT">
          <reporter-output>
          </reporter-output>
        </test-method> <!-- tearDown -->
        <test-method status="PASS" signature="setUp()[pri:0, instance:twelveTest.signUpPageTest@bd8db5a]" name="setUp" is-config="true" duration-ms="6320" started-at="2021-10-17T19:47:29 PKT" finished-at="2021-10-17T19:47:35 PKT">
          <reporter-output>
          </reporter-output>
        </test-method> <!-- setUp -->
        <test-method status="PASS" signature="signUpPageTitleTest()[pri:0, instance:twelveTest.signUpPageTest@bd8db5a]" name="signUpPageTitleTest" duration-ms="18" started-at="2021-10-17T19:47:35 PKT" finished-at="2021-10-17T19:47:35 PKT">
          <reporter-output>
          </reporter-output>
        </test-method> <!-- signUpPageTitleTest -->
        <test-method status="PASS" signature="tearDown()[pri:0, instance:twelveTest.signUpPageTest@bd8db5a]" name="tearDown" is-config="true" duration-ms="754" started-at="2021-10-17T19:47:35 PKT" finished-at="2021-10-17T19:47:36 PKT">
          <reporter-output>
          </reporter-output>
        </test-method> <!-- tearDown -->
        <test-method status="PASS" signature="setUp()[pri:0, instance:twelveTest.signUpPageTest@bd8db5a]" name="setUp" is-config="true" duration-ms="6769" started-at="2021-10-17T19:47:36 PKT" finished-at="2021-10-17T19:47:43 PKT">
          <reporter-output>
          </reporter-output>
        </test-method> <!-- setUp -->
        <test-method status="PASS" signature="signUpTest_Invalid_1()[pri:0, instance:twelveTest.signUpPageTest@bd8db5a]" name="signUpTest_Invalid_1" duration-ms="3759" started-at="2021-10-17T19:47:43 PKT" finished-at="2021-10-17T19:47:47 PKT">
          <reporter-output>
          </reporter-output>
        </test-method> <!-- signUpTest_Invalid_1 -->
        <test-method status="PASS" signature="tearDown()[pri:0, instance:twelveTest.signUpPageTest@bd8db5a]" name="tearDown" is-config="true" duration-ms="810" started-at="2021-10-17T19:47:47 PKT" finished-at="2021-10-17T19:47:47 PKT">
          <reporter-output>
          </reporter-output>
        </test-method> <!-- tearDown -->
        <test-method status="PASS" signature="setUp()[pri:0, instance:twelveTest.signUpPageTest@bd8db5a]" name="setUp" is-config="true" duration-ms="7665" started-at="2021-10-17T19:47:47 PKT" finished-at="2021-10-17T19:47:55 PKT">
          <reporter-output>
          </reporter-output>
        </test-method> <!-- setUp -->
        <test-method status="PASS" signature="signUpTest_Invalid_2()[pri:0, instance:twelveTest.signUpPageTest@bd8db5a]" name="signUpTest_Invalid_2" duration-ms="2577" started-at="2021-10-17T19:47:55 PKT" finished-at="2021-10-17T19:47:58 PKT">
          <reporter-output>
          </reporter-output>
        </test-method> <!-- signUpTest_Invalid_2 -->
        <test-method status="PASS" signature="tearDown()[pri:0, instance:twelveTest.signUpPageTest@bd8db5a]" name="tearDown" is-config="true" duration-ms="751" started-at="2021-10-17T19:47:58 PKT" finished-at="2021-10-17T19:47:58 PKT">
          <reporter-output>
          </reporter-output>
        </test-method> <!-- tearDown -->
        <test-method status="PASS" signature="setUp()[pri:0, instance:twelveTest.signUpPageTest@bd8db5a]" name="setUp" is-config="true" duration-ms="6349" started-at="2021-10-17T19:47:58 PKT" finished-at="2021-10-17T19:48:05 PKT">
          <reporter-output>
          </reporter-output>
        </test-method> <!-- setUp -->
        <test-method status="PASS" signature="signUpTest_Invalid_3()[pri:0, instance:twelveTest.signUpPageTest@bd8db5a]" name="signUpTest_Invalid_3" duration-ms="2347" started-at="2021-10-17T19:48:05 PKT" finished-at="2021-10-17T19:48:07 PKT">
          <reporter-output>
          </reporter-output>
        </test-method> <!-- signUpTest_Invalid_3 -->
        <test-method status="PASS" signature="tearDown()[pri:0, instance:twelveTest.signUpPageTest@bd8db5a]" name="tearDown" is-config="true" duration-ms="729" started-at="2021-10-17T19:48:07 PKT" finished-at="2021-10-17T19:48:08 PKT">
          <reporter-output>
          </reporter-output>
        </test-method> <!-- tearDown -->
      </class> <!-- twelveTest.signUpPageTest -->
    </test> <!-- Automation Test -->
  </suite> <!-- Conduit Test Suite -->
</testng-results>
