<?xml version="1.0" encoding="UTF-8"?>
<!-- Generated by org.testng.reporters.JUnitXMLReporter -->
<testsuite hostname="Haier-PC" ignored="0" name="Automation Test" tests="10" failures="0" timestamp="2021-10-18T10:16:37 PKT" time="56.447" errors="0">
  <testcase name="goToSignInTest" time="0.198" classname="twelveTest.LandingPageTest"/>
  <testcase name="goToSignUpTest" time="0.202" classname="twelveTest.LandingPageTest"/>
  <testcase name="landingPageTitleTest" time="0.019" classname="twelveTest.LandingPageTest"/>
  <testcase name="logoTest" time="0.114" classname="twelveTest.LandingPageTest"/>
  <testcase name="LogoTest" time="0.069" classname="twelveTest.signUpPageTest"/>
  <testcase name="signUpPageTitleTest" time="0.011" classname="twelveTest.signUpPageTest"/>
  <testcase name="signUpTest_Invalid_1" time="2.459" classname="twelveTest.signUpPageTest"/>
  <testcase name="signUpTest_Invalid_2" time="2.817" classname="twelveTest.signUpPageTest"/>
  <testcase name="signUpTest_Invalid_3" time="1.874" classname="twelveTest.signUpPageTest"/>
  <testcase name="signInTest" time="0.492" classname="twelveTest.SignInPageTest"/>
</testsuite> <!-- Automation Test -->
